<?xml version="1.0" encoding="UTF-8"?>
<testsuite xmlns:xsi="http://www.w3.org/2001/XMLSchema-instance" xsi:noNamespaceSchemaLocation="https://maven.apache.org/surefire/maven-surefire-plugin/xsd/surefire-test-report.xsd" name="testrunner.TestRunner" time="0.458" tests="11" errors="0" skipped="11" failures="0">
  <properties>
    <property name="gopherProxySet" value="false"/>
    <property name="awt.toolkit" value="sun.lwawt.macosx.LWCToolkit"/>
    <property name="file.encoding.pkg" value="sun.io"/>
    <property name="java.specification.version" value="1.8"/>
    <property name="sun.cpu.isalist" value=""/>
    <property name="sun.jnu.encoding" value="UTF-8"/>
    <property name="java.class.path" value="/Users/zaneerina/Desktop/Automation/booking-site-automation-workshop/target/test-classes:/Users/zaneerina/Desktop/Automation/booking-site-automation-workshop/target/classes:/Users/zaneerina/.m2/repository/io/cucumber/cucumber-java/3.0.2/cucumber-java-3.0.2.jar:/Users/zaneerina/.m2/repository/io/cucumber/cucumber-junit/3.0.2/cucumber-junit-3.0.2.jar:/Users/zaneerina/.m2/repository/junit/junit/4.12/junit-4.12.jar:/Users/zaneerina/.m2/repository/org/hamcrest/hamcrest-core/1.3/hamcrest-core-1.3.jar:/Users/zaneerina/.m2/repository/io/cucumber/cucumber-core/3.0.2/cucumber-core-3.0.2.jar:/Users/zaneerina/.m2/repository/io/cucumber/cucumber-html/0.2.7/cucumber-html-0.2.7.jar:/Users/zaneerina/.m2/repository/io/cucumber/tag-expressions/1.1.1/tag-expressions-1.1.1.jar:/Users/zaneerina/.m2/repository/io/cucumber/cucumber-expressions/5.0.19/cucumber-expressions-5.0.19.jar:/Users/zaneerina/.m2/repository/io/cucumber/datatable/1.0.3/datatable-1.0.3.jar:/Users/zaneerina/.m2/repository/io/cucumber/datatable-dependencies/1.0.3/datatable-dependencies-1.0.3.jar:/Users/zaneerina/.m2/repository/io/cucumber/gherkin/5.1.0/gherkin-5.1.0.jar:/Users/zaneerina/.m2/repository/io/cucumber/gherkin-jvm-deps/1.0.4/gherkin-jvm-deps-1.0.4.jar:/Users/zaneerina/.m2/repository/io/cucumber/cucumber-jvm-deps/1.0.6/cucumber-jvm-deps-1.0.6.jar:/Users/zaneerina/.m2/repository/io/cucumber/cucumber-java8/3.0.2/cucumber-java8-3.0.2.jar:/Users/zaneerina/.m2/repository/net/jodah/typetools/0.5.0/typetools-0.5.0.jar:/Users/zaneerina/.m2/repository/org/junit/jupiter/junit-jupiter-api/5.2.0/junit-jupiter-api-5.2.0.jar:/Users/zaneerina/.m2/repository/org/apiguardian/apiguardian-api/1.0.0/apiguardian-api-1.0.0.jar:/Users/zaneerina/.m2/repository/org/opentest4j/opentest4j/1.1.0/opentest4j-1.1.0.jar:/Users/zaneerina/.m2/repository/org/junit/platform/junit-platform-commons/1.2.0/junit-platform-commons-1.2.0.jar:/Users/zaneerina/.m2/repository/com/codeborne/selenide/4.12.1/selenide-4.12.1.jar:/Users/zaneerina/.m2/repository/io/github/bonigarcia/webdrivermanager/2.2.1/webdrivermanager-2.2.1.jar:/Users/zaneerina/.m2/repository/org/slf4j/slf4j-api/1.7.24/slf4j-api-1.7.24.jar:/Users/zaneerina/.m2/repository/commons-io/commons-io/2.5/commons-io-2.5.jar:/Users/zaneerina/.m2/repository/org/apache/commons/commons-lang3/3.5/commons-lang3-3.5.jar:/Users/zaneerina/.m2/repository/org/rauschig/jarchivelib/0.7.1/jarchivelib-0.7.1.jar:/Users/zaneerina/.m2/repository/org/apache/commons/commons-compress/1.9/commons-compress-1.9.jar:/Users/zaneerina/.m2/repository/org/jsoup/jsoup/1.10.2/jsoup-1.10.2.jar:/Users/zaneerina/.m2/repository/net/lightbody/bmp/browsermob-core/2.1.5/browsermob-core-2.1.5.jar:/Users/zaneerina/.m2/repository/net/lightbody/bmp/littleproxy/1.1.0-beta-bmp-17/littleproxy-1.1.0-beta-bmp-17.jar:/Users/zaneerina/.m2/repository/com/fasterxml/jackson/core/jackson-core/2.8.9/jackson-core-2.8.9.jar:/Users/zaneerina/.m2/repository/com/fasterxml/jackson/core/jackson-databind/2.8.9/jackson-databind-2.8.9.jar:/Users/zaneerina/.m2/repository/com/fasterxml/jackson/core/jackson-annotations/2.8.9/jackson-annotations-2.8.9.jar:/Users/zaneerina/.m2/repository/dnsjava/dnsjava/2.1.8/dnsjava-2.1.8.jar:/Users/zaneerina/.m2/repository/org/slf4j/jcl-over-slf4j/1.7.25/jcl-over-slf4j-1.7.25.jar:/Users/zaneerina/.m2/repository/com/jcraft/jzlib/1.1.3/jzlib-1.1.3.jar:/Users/zaneerina/.m2/repository/io/netty/netty-all/4.0.51.Final/netty-all-4.0.51.Final.jar:/Users/zaneerina/.m2/repository/org/bouncycastle/bcprov-jdk15on/1.58/bcprov-jdk15on-1.58.jar:/Users/zaneerina/.m2/repository/org/bouncycastle/bcpkix-jdk15on/1.58/bcpkix-jdk15on-1.58.jar:/Users/zaneerina/.m2/repository/net/lightbody/bmp/mitm/2.1.5/mitm-2.1.5.jar:/Users/zaneerina/.m2/repository/org/seleniumhq/selenium/selenium-java/3.12.0/selenium-java-3.12.0.jar:/Users/zaneerina/.m2/repository/org/seleniumhq/selenium/selenium-api/3.12.0/selenium-api-3.12.0.jar:/Users/zaneerina/.m2/repository/org/seleniumhq/selenium/selenium-chrome-driver/3.12.0/selenium-chrome-driver-3.12.0.jar:/Users/zaneerina/.m2/repository/org/seleniumhq/selenium/selenium-edge-driver/3.12.0/selenium-edge-driver-3.12.0.jar:/Users/zaneerina/.m2/repository/org/seleniumhq/selenium/selenium-firefox-driver/3.12.0/selenium-firefox-driver-3.12.0.jar:/Users/zaneerina/.m2/repository/org/seleniumhq/selenium/selenium-ie-driver/3.12.0/selenium-ie-driver-3.12.0.jar:/Users/zaneerina/.m2/repository/org/seleniumhq/selenium/selenium-opera-driver/3.12.0/selenium-opera-driver-3.12.0.jar:/Users/zaneerina/.m2/repository/org/seleniumhq/selenium/selenium-remote-driver/3.12.0/selenium-remote-driver-3.12.0.jar:/Users/zaneerina/.m2/repository/org/seleniumhq/selenium/selenium-safari-driver/3.12.0/selenium-safari-driver-3.12.0.jar:/Users/zaneerina/.m2/repository/org/seleniumhq/selenium/selenium-support/3.12.0/selenium-support-3.12.0.jar:/Users/zaneerina/.m2/repository/net/bytebuddy/byte-buddy/1.8.3/byte-buddy-1.8.3.jar:/Users/zaneerina/.m2/repository/org/apache/commons/commons-exec/1.3/commons-exec-1.3.jar:/Users/zaneerina/.m2/repository/commons-codec/commons-codec/1.10/commons-codec-1.10.jar:/Users/zaneerina/.m2/repository/commons-logging/commons-logging/1.2/commons-logging-1.2.jar:/Users/zaneerina/.m2/repository/com/google/code/gson/gson/2.8.2/gson-2.8.2.jar:/Users/zaneerina/.m2/repository/com/google/guava/guava/23.6-jre/guava-23.6-jre.jar:/Users/zaneerina/.m2/repository/com/google/code/findbugs/jsr305/1.3.9/jsr305-1.3.9.jar:/Users/zaneerina/.m2/repository/org/checkerframework/checker-compat-qual/2.0.0/checker-compat-qual-2.0.0.jar:/Users/zaneerina/.m2/repository/com/google/errorprone/error_prone_annotations/2.1.3/error_prone_annotations-2.1.3.jar:/Users/zaneerina/.m2/repository/com/google/j2objc/j2objc-annotations/1.1/j2objc-annotations-1.1.jar:/Users/zaneerina/.m2/repository/org/codehaus/mojo/animal-sniffer-annotations/1.14/animal-sniffer-annotations-1.14.jar:/Users/zaneerina/.m2/repository/org/apache/httpcomponents/httpclient/4.5.3/httpclient-4.5.3.jar:/Users/zaneerina/.m2/repository/org/apache/httpcomponents/httpcore/4.4.6/httpcore-4.4.6.jar:/Users/zaneerina/.m2/repository/com/squareup/okhttp3/okhttp/3.9.1/okhttp-3.9.1.jar:/Users/zaneerina/.m2/repository/com/squareup/okio/okio/1.13.0/okio-1.13.0.jar:/Users/zaneerina/.m2/repository/org/assertj/assertj-core/3.10.0/assertj-core-3.10.0.jar:/Users/zaneerina/.m2/repository/ru/yandex/qatools/allure/allure-maven-plugin/2.6/allure-maven-plugin-2.6.jar:/Users/zaneerina/.m2/repository/ru/yandex/qatools/clay/clay-aether/2.5/clay-aether-2.5.jar:/Users/zaneerina/.m2/repository/org/eclipse/aether/aether-api/1.0.1.v20141111/aether-api-1.0.1.v20141111.jar:/Users/zaneerina/.m2/repository/org/eclipse/aether/aether-util/1.0.1.v20141111/aether-util-1.0.1.v20141111.jar:/Users/zaneerina/.m2/repository/org/eclipse/aether/aether-impl/1.0.1.v20141111/aether-impl-1.0.1.v20141111.jar:/Users/zaneerina/.m2/repository/org/eclipse/aether/aether-spi/1.0.1.v20141111/aether-spi-1.0.1.v20141111.jar:/Users/zaneerina/.m2/repository/org/eclipse/aether/aether-connector-basic/1.0.1.v20141111/aether-connector-basic-1.0.1.v20141111.jar:/Users/zaneerina/.m2/repository/org/eclipse/aether/aether-transport-file/1.0.1.v20141111/aether-transport-file-1.0.1.v20141111.jar:/Users/zaneerina/.m2/repository/org/eclipse/aether/aether-transport-http/1.0.1.v20141111/aether-transport-http-1.0.1.v20141111.jar:/Users/zaneerina/.m2/repository/org/eclipse/aether/aether-transport-wagon/1.0.1.v20141111/aether-transport-wagon-1.0.1.v20141111.jar:/Users/zaneerina/.m2/repository/org/apache/maven/maven-aether-provider/3.1.0/maven-aether-provider-3.1.0.jar:/Users/zaneerina/.m2/repository/org/apache/maven/wagon/wagon-ssh/2.6/wagon-ssh-2.6.jar:/Users/zaneerina/.m2/repository/com/jcraft/jsch/0.1.50/jsch-0.1.50.jar:/Users/zaneerina/.m2/repository/com/jcraft/jsch.agentproxy.connector-factory/0.0.6/jsch.agentproxy.connector-factory-0.0.6.jar:/Users/zaneerina/.m2/repository/com/jcraft/jsch.agentproxy.core/0.0.6/jsch.agentproxy.core-0.0.6.jar:/Users/zaneerina/.m2/repository/com/jcraft/jsch.agentproxy.usocket-jna/0.0.6/jsch.agentproxy.usocket-jna-0.0.6.jar:/Users/zaneerina/.m2/repository/net/java/dev/jna/jna/3.4.0/jna-3.4.0.jar:/Users/zaneerina/.m2/repository/net/java/dev/jna/platform/3.4.0/platform-3.4.0.jar:/Users/zaneerina/.m2/repository/com/jcraft/jsch.agentproxy.usocket-nc/0.0.6/jsch.agentproxy.usocket-nc-0.0.6.jar:/Users/zaneerina/.m2/repository/com/jcraft/jsch.agentproxy.sshagent/0.0.6/jsch.agentproxy.sshagent-0.0.6.jar:/Users/zaneerina/.m2/repository/com/jcraft/jsch.agentproxy.pageant/0.0.6/jsch.agentproxy.pageant-0.0.6.jar:/Users/zaneerina/.m2/repository/com/jcraft/jsch.agentproxy.jsch/0.0.6/jsch.agentproxy.jsch-0.0.6.jar:/Users/zaneerina/.m2/repository/org/apache/maven/wagon/wagon-ssh-common/2.6/wagon-ssh-common-2.6.jar:/Users/zaneerina/.m2/repository/org/codehaus/plexus/plexus-interactivity-api/1.0-alpha-6/plexus-interactivity-api-1.0-alpha-6.jar:/Users/zaneerina/.m2/repository/org/apache/maven/wagon/wagon-file/2.6/wagon-file-2.6.jar:/Users/zaneerina/.m2/repository/commons-lang/commons-lang/2.6/commons-lang-2.6.jar:/Users/zaneerina/.m2/repository/org/apache/maven/wagon/wagon-http/2.6/wagon-http-2.6.jar:/Users/zaneerina/.m2/repository/org/apache/maven/wagon/wagon-http-shared/2.6/wagon-http-shared-2.6.jar:/Users/zaneerina/.m2/repository/org/apache/maven/wagon/wagon-http-lightweight/2.6/wagon-http-lightweight-2.6.jar:/Users/zaneerina/.m2/repository/ru/yandex/qatools/clay/clay-maven-settings-builder/2.5/clay-maven-settings-builder-2.5.jar:/Users/zaneerina/.m2/repository/org/apache/maven/maven-core/3.3.9/maven-core-3.3.9.jar:/Users/zaneerina/.m2/repository/org/apache/maven/maven-model/3.3.9/maven-model-3.3.9.jar:/Users/zaneerina/.m2/repository/org/apache/maven/maven-settings/3.3.9/maven-settings-3.3.9.jar:/Users/zaneerina/.m2/repository/org/apache/maven/maven-settings-builder/3.3.9/maven-settings-builder-3.3.9.jar:/Users/zaneerina/.m2/repository/org/apache/maven/maven-builder-support/3.3.9/maven-builder-support-3.3.9.jar:/Users/zaneerina/.m2/repository/org/apache/maven/maven-repository-metadata/3.3.9/maven-repository-metadata-3.3.9.jar:/Users/zaneerina/.m2/repository/org/apache/maven/maven-artifact/3.3.9/maven-artifact-3.3.9.jar:/Users/zaneerina/.m2/repository/org/apache/maven/maven-plugin-api/3.3.9/maven-plugin-api-3.3.9.jar:/Users/zaneerina/.m2/repository/org/apache/maven/maven-model-builder/3.3.9/maven-model-builder-3.3.9.jar:/Users/zaneerina/.m2/repository/org/eclipse/sisu/org.eclipse.sisu.plexus/0.3.2/org.eclipse.sisu.plexus-0.3.2.jar:/Users/zaneerina/.m2/repository/javax/enterprise/cdi-api/1.0/cdi-api-1.0.jar:/Users/zaneerina/.m2/repository/javax/annotation/jsr250-api/1.0/jsr250-api-1.0.jar:/Users/zaneerina/.m2/repository/org/eclipse/sisu/org.eclipse.sisu.inject/0.3.2/org.eclipse.sisu.inject-0.3.2.jar:/Users/zaneerina/.m2/repository/com/google/inject/guice/4.0/guice-4.0-no_aop.jar:/Users/zaneerina/.m2/repository/javax/inject/javax.inject/1/javax.inject-1.jar:/Users/zaneerina/.m2/repository/aopalliance/aopalliance/1.0/aopalliance-1.0.jar:/Users/zaneerina/.m2/repository/org/codehaus/plexus/plexus-interpolation/1.21/plexus-interpolation-1.21.jar:/Users/zaneerina/.m2/repository/org/codehaus/plexus/plexus-utils/3.0.22/plexus-utils-3.0.22.jar:/Users/zaneerina/.m2/repository/org/codehaus/plexus/plexus-classworlds/2.5.2/plexus-classworlds-2.5.2.jar:/Users/zaneerina/.m2/repository/org/codehaus/plexus/plexus-component-annotations/1.6/plexus-component-annotations-1.6.jar:/Users/zaneerina/.m2/repository/org/sonatype/plexus/plexus-sec-dispatcher/1.3/plexus-sec-dispatcher-1.3.jar:/Users/zaneerina/.m2/repository/org/sonatype/plexus/plexus-cipher/1.4/plexus-cipher-1.4.jar:/Users/zaneerina/.m2/repository/org/apache/maven/reporting/maven-reporting-impl/2.4/maven-reporting-impl-2.4.jar:/Users/zaneerina/.m2/repository/org/apache/maven/reporting/maven-reporting-api/3.0/maven-reporting-api-3.0.jar:/Users/zaneerina/.m2/repository/org/apache/maven/maven-project/2.2.1/maven-project-2.2.1.jar:/Users/zaneerina/.m2/repository/org/apache/maven/maven-profile/2.2.1/maven-profile-2.2.1.jar:/Users/zaneerina/.m2/repository/org/apache/maven/maven-artifact-manager/2.2.1/maven-artifact-manager-2.2.1.jar:/Users/zaneerina/.m2/repository/backport-util-concurrent/backport-util-concurrent/3.1/backport-util-concurrent-3.1.jar:/Users/zaneerina/.m2/repository/org/apache/maven/maven-plugin-registry/2.2.1/maven-plugin-registry-2.2.1.jar:/Users/zaneerina/.m2/repository/org/codehaus/plexus/plexus-container-default/1.0-alpha-9-stable-1/plexus-container-default-1.0-alpha-9-stable-1.jar:/Users/zaneerina/.m2/repository/classworlds/classworlds/1.1-alpha-2/classworlds-1.1-alpha-2.jar:/Users/zaneerina/.m2/repository/org/apache/maven/shared/maven-shared-utils/0.6/maven-shared-utils-0.6.jar:/Users/zaneerina/.m2/repository/org/apache/maven/doxia/doxia-sink-api/1.6/doxia-sink-api-1.6.jar:/Users/zaneerina/.m2/repository/org/apache/maven/doxia/doxia-logging-api/1.6/doxia-logging-api-1.6.jar:/Users/zaneerina/.m2/repository/org/apache/maven/doxia/doxia-core/1.6/doxia-core-1.6.jar:/Users/zaneerina/.m2/repository/xerces/xercesImpl/2.9.1/xercesImpl-2.9.1.jar:/Users/zaneerina/.m2/repository/xmlunit/xmlunit/1.5/xmlunit-1.5.jar:/Users/zaneerina/.m2/repository/org/apache/maven/doxia/doxia-site-renderer/1.6/doxia-site-renderer-1.6.jar:/Users/zaneerina/.m2/repository/org/apache/maven/doxia/doxia-decoration-model/1.6/doxia-decoration-model-1.6.jar:/Users/zaneerina/.m2/repository/org/apache/maven/doxia/doxia-module-xhtml/1.6/doxia-module-xhtml-1.6.jar:/Users/zaneerina/.m2/repository/org/apache/maven/doxia/doxia-module-fml/1.6/doxia-module-fml-1.6.jar:/Users/zaneerina/.m2/repository/org/codehaus/plexus/plexus-i18n/1.0-beta-7/plexus-i18n-1.0-beta-7.jar:/Users/zaneerina/.m2/repository/org/codehaus/plexus/plexus-velocity/1.1.7/plexus-velocity-1.1.7.jar:/Users/zaneerina/.m2/repository/org/apache/velocity/velocity-tools/2.0/velocity-tools-2.0.jar:/Users/zaneerina/.m2/repository/commons-chain/commons-chain/1.1/commons-chain-1.1.jar:/Users/zaneerina/.m2/repository/dom4j/dom4j/1.1/dom4j-1.1.jar:/Users/zaneerina/.m2/repository/sslext/sslext/1.2-0/sslext-1.2-0.jar:/Users/zaneerina/.m2/repository/org/apache/struts/struts-core/1.3.8/struts-core-1.3.8.jar:/Users/zaneerina/.m2/repository/antlr/antlr/2.7.2/antlr-2.7.2.jar:/Users/zaneerina/.m2/repository/org/apache/struts/struts-taglib/1.3.8/struts-taglib-1.3.8.jar:/Users/zaneerina/.m2/repository/org/apache/struts/struts-tiles/1.3.8/struts-tiles-1.3.8.jar:/Users/zaneerina/.m2/repository/commons-validator/commons-validator/1.4.1/commons-validator-1.4.1.jar:/Users/zaneerina/.m2/repository/commons-digester/commons-digester/1.8.1/commons-digester-1.8.1.jar:/Users/zaneerina/.m2/repository/commons-beanutils/commons-beanutils/1.9.3/commons-beanutils-1.9.3.jar:/Users/zaneerina/.m2/repository/commons-collections/commons-collections/3.2.2/commons-collections-3.2.2.jar:/Users/zaneerina/.m2/repository/org/apache/maven/plugin-tools/maven-plugin-annotations/3.2/maven-plugin-annotations-3.2.jar:/Users/zaneerina/.m2/repository/org/apache/maven/plugins/maven-jxr-plugin/2.5/maven-jxr-plugin-2.5.jar:/Users/zaneerina/.m2/repository/org/apache/velocity/velocity/1.5/velocity-1.5.jar:/Users/zaneerina/.m2/repository/oro/oro/2.0.8/oro-2.0.8.jar:/Users/zaneerina/.m2/repository/org/apache/maven/maven-jxr/2.5/maven-jxr-2.5.jar:/Users/zaneerina/.m2/repository/org/apache/maven/wagon/wagon-provider-api/1.0/wagon-provider-api-1.0.jar:/Users/zaneerina/.m2/repository/xml-apis/xml-apis/1.0.b2/xml-apis-1.0.b2.jar:/Users/zaneerina/.m2/repository/xalan/xalan/2.7.0/xalan-2.7.0.jar:/Users/zaneerina/.m2/repository/org/projectlombok/lombok/1.18.0/lombok-1.18.0.jar:/Users/zaneerina/.m2/repository/io/cucumber/cucumber-picocontainer/3.0.2/cucumber-picocontainer-3.0.2.jar:/Users/zaneerina/.m2/repository/org/picocontainer/picocontainer/2.15/picocontainer-2.15.jar:"/>
    <property name="java.vm.vendor" value="Oracle Corporation"/>
    <property name="sun.arch.data.model" value="64"/>
    <property name="java.vendor.url" value="http://java.oracle.com/"/>
    <property name="user.timezone" value=""/>
    <property name="java.vm.specification.version" value="1.8"/>
    <property name="os.name" value="Mac OS X"/>
    <property name="user.country" value="US"/>
    <property name="sun.java.launcher" value="SUN_STANDARD"/>
    <property name="sun.boot.library.path" value="/Library/Java/JavaVirtualMachines/jdk1.8.0_151.jdk/Contents/Home/jre/lib"/>
    <property name="sun.java.command" value="/Users/zaneerina/Desktop/Automation/booking-site-automation-workshop/target/surefire/surefirebooter2918807510045935721.jar /Users/zaneerina/Desktop/Automation/booking-site-automation-workshop/target/surefire 2018-07-15T15-39-36_853-jvmRun1 surefire552461494435755586tmp surefire_01687203644420484420tmp"/>
    <property name="http.nonProxyHosts" value="local|*.local|169.254/16|*.169.254/16"/>
    <property name="surefire.test.class.path" value="/Users/zaneerina/Desktop/Automation/booking-site-automation-workshop/target/test-classes:/Users/zaneerina/Desktop/Automation/booking-site-automation-workshop/target/classes:/Users/zaneerina/.m2/repository/io/cucumber/cucumber-java/3.0.2/cucumber-java-3.0.2.jar:/Users/zaneerina/.m2/repository/io/cucumber/cucumber-junit/3.0.2/cucumber-junit-3.0.2.jar:/Users/zaneerina/.m2/repository/junit/junit/4.12/junit-4.12.jar:/Users/zaneerina/.m2/repository/org/hamcrest/hamcrest-core/1.3/hamcrest-core-1.3.jar:/Users/zaneerina/.m2/repository/io/cucumber/cucumber-core/3.0.2/cucumber-core-3.0.2.jar:/Users/zaneerina/.m2/repository/io/cucumber/cucumber-html/0.2.7/cucumber-html-0.2.7.jar:/Users/zaneerina/.m2/repository/io/cucumber/tag-expressions/1.1.1/tag-expressions-1.1.1.jar:/Users/zaneerina/.m2/repository/io/cucumber/cucumber-expressions/5.0.19/cucumber-expressions-5.0.19.jar:/Users/zaneerina/.m2/repository/io/cucumber/datatable/1.0.3/datatable-1.0.3.jar:/Users/zaneerina/.m2/repository/io/cucumber/datatable-dependencies/1.0.3/datatable-dependencies-1.0.3.jar:/Users/zaneerina/.m2/repository/io/cucumber/gherkin/5.1.0/gherkin-5.1.0.jar:/Users/zaneerina/.m2/repository/io/cucumber/gherkin-jvm-deps/1.0.4/gherkin-jvm-deps-1.0.4.jar:/Users/zaneerina/.m2/repository/io/cucumber/cucumber-jvm-deps/1.0.6/cucumber-jvm-deps-1.0.6.jar:/Users/zaneerina/.m2/repository/io/cucumber/cucumber-java8/3.0.2/cucumber-java8-3.0.2.jar:/Users/zaneerina/.m2/repository/net/jodah/typetools/0.5.0/typetools-0.5.0.jar:/Users/zaneerina/.m2/repository/org/junit/jupiter/junit-jupiter-api/5.2.0/junit-jupiter-api-5.2.0.jar:/Users/zaneerina/.m2/repository/org/apiguardian/apiguardian-api/1.0.0/apiguardian-api-1.0.0.jar:/Users/zaneerina/.m2/repository/org/opentest4j/opentest4j/1.1.0/opentest4j-1.1.0.jar:/Users/zaneerina/.m2/repository/org/junit/platform/junit-platform-commons/1.2.0/junit-platform-commons-1.2.0.jar:/Users/zaneerina/.m2/repository/com/codeborne/selenide/4.12.1/selenide-4.12.1.jar:/Users/zaneerina/.m2/repository/io/github/bonigarcia/webdrivermanager/2.2.1/webdrivermanager-2.2.1.jar:/Users/zaneerina/.m2/repository/org/slf4j/slf4j-api/1.7.24/slf4j-api-1.7.24.jar:/Users/zaneerina/.m2/repository/commons-io/commons-io/2.5/commons-io-2.5.jar:/Users/zaneerina/.m2/repository/org/apache/commons/commons-lang3/3.5/commons-lang3-3.5.jar:/Users/zaneerina/.m2/repository/org/rauschig/jarchivelib/0.7.1/jarchivelib-0.7.1.jar:/Users/zaneerina/.m2/repository/org/apache/commons/commons-compress/1.9/commons-compress-1.9.jar:/Users/zaneerina/.m2/repository/org/jsoup/jsoup/1.10.2/jsoup-1.10.2.jar:/Users/zaneerina/.m2/repository/net/lightbody/bmp/browsermob-core/2.1.5/browsermob-core-2.1.5.jar:/Users/zaneerina/.m2/repository/net/lightbody/bmp/littleproxy/1.1.0-beta-bmp-17/littleproxy-1.1.0-beta-bmp-17.jar:/Users/zaneerina/.m2/repository/com/fasterxml/jackson/core/jackson-core/2.8.9/jackson-core-2.8.9.jar:/Users/zaneerina/.m2/repository/com/fasterxml/jackson/core/jackson-databind/2.8.9/jackson-databind-2.8.9.jar:/Users/zaneerina/.m2/repository/com/fasterxml/jackson/core/jackson-annotations/2.8.9/jackson-annotations-2.8.9.jar:/Users/zaneerina/.m2/repository/dnsjava/dnsjava/2.1.8/dnsjava-2.1.8.jar:/Users/zaneerina/.m2/repository/org/slf4j/jcl-over-slf4j/1.7.25/jcl-over-slf4j-1.7.25.jar:/Users/zaneerina/.m2/repository/com/jcraft/jzlib/1.1.3/jzlib-1.1.3.jar:/Users/zaneerina/.m2/repository/io/netty/netty-all/4.0.51.Final/netty-all-4.0.51.Final.jar:/Users/zaneerina/.m2/repository/org/bouncycastle/bcprov-jdk15on/1.58/bcprov-jdk15on-1.58.jar:/Users/zaneerina/.m2/repository/org/bouncycastle/bcpkix-jdk15on/1.58/bcpkix-jdk15on-1.58.jar:/Users/zaneerina/.m2/repository/net/lightbody/bmp/mitm/2.1.5/mitm-2.1.5.jar:/Users/zaneerina/.m2/repository/org/seleniumhq/selenium/selenium-java/3.12.0/selenium-java-3.12.0.jar:/Users/zaneerina/.m2/repository/org/seleniumhq/selenium/selenium-api/3.12.0/selenium-api-3.12.0.jar:/Users/zaneerina/.m2/repository/org/seleniumhq/selenium/selenium-chrome-driver/3.12.0/selenium-chrome-driver-3.12.0.jar:/Users/zaneerina/.m2/repository/org/seleniumhq/selenium/selenium-edge-driver/3.12.0/selenium-edge-driver-3.12.0.jar:/Users/zaneerina/.m2/repository/org/seleniumhq/selenium/selenium-firefox-driver/3.12.0/selenium-firefox-driver-3.12.0.jar:/Users/zaneerina/.m2/repository/org/seleniumhq/selenium/selenium-ie-driver/3.12.0/selenium-ie-driver-3.12.0.jar:/Users/zaneerina/.m2/repository/org/seleniumhq/selenium/selenium-opera-driver/3.12.0/selenium-opera-driver-3.12.0.jar:/Users/zaneerina/.m2/repository/org/seleniumhq/selenium/selenium-remote-driver/3.12.0/selenium-remote-driver-3.12.0.jar:/Users/zaneerina/.m2/repository/org/seleniumhq/selenium/selenium-safari-driver/3.12.0/selenium-safari-driver-3.12.0.jar:/Users/zaneerina/.m2/repository/org/seleniumhq/selenium/selenium-support/3.12.0/selenium-support-3.12.0.jar:/Users/zaneerina/.m2/repository/net/bytebuddy/byte-buddy/1.8.3/byte-buddy-1.8.3.jar:/Users/zaneerina/.m2/repository/org/apache/commons/commons-exec/1.3/commons-exec-1.3.jar:/Users/zaneerina/.m2/repository/commons-codec/commons-codec/1.10/commons-codec-1.10.jar:/Users/zaneerina/.m2/repository/commons-logging/commons-logging/1.2/commons-logging-1.2.jar:/Users/zaneerina/.m2/repository/com/google/code/gson/gson/2.8.2/gson-2.8.2.jar:/Users/zaneerina/.m2/repository/com/google/guava/guava/23.6-jre/guava-23.6-jre.jar:/Users/zaneerina/.m2/repository/com/google/code/findbugs/jsr305/1.3.9/jsr305-1.3.9.jar:/Users/zaneerina/.m2/repository/org/checkerframework/checker-compat-qual/2.0.0/checker-compat-qual-2.0.0.jar:/Users/zaneerina/.m2/repository/com/google/errorprone/error_prone_annotations/2.1.3/error_prone_annotations-2.1.3.jar:/Users/zaneerina/.m2/repository/com/google/j2objc/j2objc-annotations/1.1/j2objc-annotations-1.1.jar:/Users/zaneerina/.m2/repository/org/codehaus/mojo/animal-sniffer-annotations/1.14/animal-sniffer-annotations-1.14.jar:/Users/zaneerina/.m2/repository/org/apache/httpcomponents/httpclient/4.5.3/httpclient-4.5.3.jar:/Users/zaneerina/.m2/repository/org/apache/httpcomponents/httpcore/4.4.6/httpcore-4.4.6.jar:/Users/zaneerina/.m2/repository/com/squareup/okhttp3/okhttp/3.9.1/okhttp-3.9.1.jar:/Users/zaneerina/.m2/repository/com/squareup/okio/okio/1.13.0/okio-1.13.0.jar:/Users/zaneerina/.m2/repository/org/assertj/assertj-core/3.10.0/assertj-core-3.10.0.jar:/Users/zaneerina/.m2/repository/ru/yandex/qatools/allure/allure-maven-plugin/2.6/allure-maven-plugin-2.6.jar:/Users/zaneerina/.m2/repository/ru/yandex/qatools/clay/clay-aether/2.5/clay-aether-2.5.jar:/Users/zaneerina/.m2/repository/org/eclipse/aether/aether-api/1.0.1.v20141111/aether-api-1.0.1.v20141111.jar:/Users/zaneerina/.m2/repository/org/eclipse/aether/aether-util/1.0.1.v20141111/aether-util-1.0.1.v20141111.jar:/Users/zaneerina/.m2/repository/org/eclipse/aether/aether-impl/1.0.1.v20141111/aether-impl-1.0.1.v20141111.jar:/Users/zaneerina/.m2/repository/org/eclipse/aether/aether-spi/1.0.1.v20141111/aether-spi-1.0.1.v20141111.jar:/Users/zaneerina/.m2/repository/org/eclipse/aether/aether-connector-basic/1.0.1.v20141111/aether-connector-basic-1.0.1.v20141111.jar:/Users/zaneerina/.m2/repository/org/eclipse/aether/aether-transport-file/1.0.1.v20141111/aether-transport-file-1.0.1.v20141111.jar:/Users/zaneerina/.m2/repository/org/eclipse/aether/aether-transport-http/1.0.1.v20141111/aether-transport-http-1.0.1.v20141111.jar:/Users/zaneerina/.m2/repository/org/eclipse/aether/aether-transport-wagon/1.0.1.v20141111/aether-transport-wagon-1.0.1.v20141111.jar:/Users/zaneerina/.m2/repository/org/apache/maven/maven-aether-provider/3.1.0/maven-aether-provider-3.1.0.jar:/Users/zaneerina/.m2/repository/org/apache/maven/wagon/wagon-ssh/2.6/wagon-ssh-2.6.jar:/Users/zaneerina/.m2/repository/com/jcraft/jsch/0.1.50/jsch-0.1.50.jar:/Users/zaneerina/.m2/repository/com/jcraft/jsch.agentproxy.connector-factory/0.0.6/jsch.agentproxy.connector-factory-0.0.6.jar:/Users/zaneerina/.m2/repository/com/jcraft/jsch.agentproxy.core/0.0.6/jsch.agentproxy.core-0.0.6.jar:/Users/zaneerina/.m2/repository/com/jcraft/jsch.agentproxy.usocket-jna/0.0.6/jsch.agentproxy.usocket-jna-0.0.6.jar:/Users/zaneerina/.m2/repository/net/java/dev/jna/jna/3.4.0/jna-3.4.0.jar:/Users/zaneerina/.m2/repository/net/java/dev/jna/platform/3.4.0/platform-3.4.0.jar:/Users/zaneerina/.m2/repository/com/jcraft/jsch.agentproxy.usocket-nc/0.0.6/jsch.agentproxy.usocket-nc-0.0.6.jar:/Users/zaneerina/.m2/repository/com/jcraft/jsch.agentproxy.sshagent/0.0.6/jsch.agentproxy.sshagent-0.0.6.jar:/Users/zaneerina/.m2/repository/com/jcraft/jsch.agentproxy.pageant/0.0.6/jsch.agentproxy.pageant-0.0.6.jar:/Users/zaneerina/.m2/repository/com/jcraft/jsch.agentproxy.jsch/0.0.6/jsch.agentproxy.jsch-0.0.6.jar:/Users/zaneerina/.m2/repository/org/apache/maven/wagon/wagon-ssh-common/2.6/wagon-ssh-common-2.6.jar:/Users/zaneerina/.m2/repository/org/codehaus/plexus/plexus-interactivity-api/1.0-alpha-6/plexus-interactivity-api-1.0-alpha-6.jar:/Users/zaneerina/.m2/repository/org/apache/maven/wagon/wagon-file/2.6/wagon-file-2.6.jar:/Users/zaneerina/.m2/repository/commons-lang/commons-lang/2.6/commons-lang-2.6.jar:/Users/zaneerina/.m2/repository/org/apache/maven/wagon/wagon-http/2.6/wagon-http-2.6.jar:/Users/zaneerina/.m2/repository/org/apache/maven/wagon/wagon-http-shared/2.6/wagon-http-shared-2.6.jar:/Users/zaneerina/.m2/repository/org/apache/maven/wagon/wagon-http-lightweight/2.6/wagon-http-lightweight-2.6.jar:/Users/zaneerina/.m2/repository/ru/yandex/qatools/clay/clay-maven-settings-builder/2.5/clay-maven-settings-builder-2.5.jar:/Users/zaneerina/.m2/repository/org/apache/maven/maven-core/3.3.9/maven-core-3.3.9.jar:/Users/zaneerina/.m2/repository/org/apache/maven/maven-model/3.3.9/maven-model-3.3.9.jar:/Users/zaneerina/.m2/repository/org/apache/maven/maven-settings/3.3.9/maven-settings-3.3.9.jar:/Users/zaneerina/.m2/repository/org/apache/maven/maven-settings-builder/3.3.9/maven-settings-builder-3.3.9.jar:/Users/zaneerina/.m2/repository/org/apache/maven/maven-builder-support/3.3.9/maven-builder-support-3.3.9.jar:/Users/zaneerina/.m2/repository/org/apache/maven/maven-repository-metadata/3.3.9/maven-repository-metadata-3.3.9.jar:/Users/zaneerina/.m2/repository/org/apache/maven/maven-artifact/3.3.9/maven-artifact-3.3.9.jar:/Users/zaneerina/.m2/repository/org/apache/maven/maven-plugin-api/3.3.9/maven-plugin-api-3.3.9.jar:/Users/zaneerina/.m2/repository/org/apache/maven/maven-model-builder/3.3.9/maven-model-builder-3.3.9.jar:/Users/zaneerina/.m2/repository/org/eclipse/sisu/org.eclipse.sisu.plexus/0.3.2/org.eclipse.sisu.plexus-0.3.2.jar:/Users/zaneerina/.m2/repository/javax/enterprise/cdi-api/1.0/cdi-api-1.0.jar:/Users/zaneerina/.m2/repository/javax/annotation/jsr250-api/1.0/jsr250-api-1.0.jar:/Users/zaneerina/.m2/repository/org/eclipse/sisu/org.eclipse.sisu.inject/0.3.2/org.eclipse.sisu.inject-0.3.2.jar:/Users/zaneerina/.m2/repository/com/google/inject/guice/4.0/guice-4.0-no_aop.jar:/Users/zaneerina/.m2/repository/javax/inject/javax.inject/1/javax.inject-1.jar:/Users/zaneerina/.m2/repository/aopalliance/aopalliance/1.0/aopalliance-1.0.jar:/Users/zaneerina/.m2/repository/org/codehaus/plexus/plexus-interpolation/1.21/plexus-interpolation-1.21.jar:/Users/zaneerina/.m2/repository/org/codehaus/plexus/plexus-utils/3.0.22/plexus-utils-3.0.22.jar:/Users/zaneerina/.m2/repository/org/codehaus/plexus/plexus-classworlds/2.5.2/plexus-classworlds-2.5.2.jar:/Users/zaneerina/.m2/repository/org/codehaus/plexus/plexus-component-annotations/1.6/plexus-component-annotations-1.6.jar:/Users/zaneerina/.m2/repository/org/sonatype/plexus/plexus-sec-dispatcher/1.3/plexus-sec-dispatcher-1.3.jar:/Users/zaneerina/.m2/repository/org/sonatype/plexus/plexus-cipher/1.4/plexus-cipher-1.4.jar:/Users/zaneerina/.m2/repository/org/apache/maven/reporting/maven-reporting-impl/2.4/maven-reporting-impl-2.4.jar:/Users/zaneerina/.m2/repository/org/apache/maven/reporting/maven-reporting-api/3.0/maven-reporting-api-3.0.jar:/Users/zaneerina/.m2/repository/org/apache/maven/maven-project/2.2.1/maven-project-2.2.1.jar:/Users/zaneerina/.m2/repository/org/apache/maven/maven-profile/2.2.1/maven-profile-2.2.1.jar:/Users/zaneerina/.m2/repository/org/apache/maven/maven-artifact-manager/2.2.1/maven-artifact-manager-2.2.1.jar:/Users/zaneerina/.m2/repository/backport-util-concurrent/backport-util-concurrent/3.1/backport-util-concurrent-3.1.jar:/Users/zaneerina/.m2/repository/org/apache/maven/maven-plugin-registry/2.2.1/maven-plugin-registry-2.2.1.jar:/Users/zaneerina/.m2/repository/org/codehaus/plexus/plexus-container-default/1.0-alpha-9-stable-1/plexus-container-default-1.0-alpha-9-stable-1.jar:/Users/zaneerina/.m2/repository/classworlds/classworlds/1.1-alpha-2/classworlds-1.1-alpha-2.jar:/Users/zaneerina/.m2/repository/org/apache/maven/shared/maven-shared-utils/0.6/maven-shared-utils-0.6.jar:/Users/zaneerina/.m2/repository/org/apache/maven/doxia/doxia-sink-api/1.6/doxia-sink-api-1.6.jar:/Users/zaneerina/.m2/repository/org/apache/maven/doxia/doxia-logging-api/1.6/doxia-logging-api-1.6.jar:/Users/zaneerina/.m2/repository/org/apache/maven/doxia/doxia-core/1.6/doxia-core-1.6.jar:/Users/zaneerina/.m2/repository/xerces/xercesImpl/2.9.1/xercesImpl-2.9.1.jar:/Users/zaneerina/.m2/repository/xmlunit/xmlunit/1.5/xmlunit-1.5.jar:/Users/zaneerina/.m2/repository/org/apache/maven/doxia/doxia-site-renderer/1.6/doxia-site-renderer-1.6.jar:/Users/zaneerina/.m2/repository/org/apache/maven/doxia/doxia-decoration-model/1.6/doxia-decoration-model-1.6.jar:/Users/zaneerina/.m2/repository/org/apache/maven/doxia/doxia-module-xhtml/1.6/doxia-module-xhtml-1.6.jar:/Users/zaneerina/.m2/repository/org/apache/maven/doxia/doxia-module-fml/1.6/doxia-module-fml-1.6.jar:/Users/zaneerina/.m2/repository/org/codehaus/plexus/plexus-i18n/1.0-beta-7/plexus-i18n-1.0-beta-7.jar:/Users/zaneerina/.m2/repository/org/codehaus/plexus/plexus-velocity/1.1.7/plexus-velocity-1.1.7.jar:/Users/zaneerina/.m2/repository/org/apache/velocity/velocity-tools/2.0/velocity-tools-2.0.jar:/Users/zaneerina/.m2/repository/commons-chain/commons-chain/1.1/commons-chain-1.1.jar:/Users/zaneerina/.m2/repository/dom4j/dom4j/1.1/dom4j-1.1.jar:/Users/zaneerina/.m2/repository/sslext/sslext/1.2-0/sslext-1.2-0.jar:/Users/zaneerina/.m2/repository/org/apache/struts/struts-core/1.3.8/struts-core-1.3.8.jar:/Users/zaneerina/.m2/repository/antlr/antlr/2.7.2/antlr-2.7.2.jar:/Users/zaneerina/.m2/repository/org/apache/struts/struts-taglib/1.3.8/struts-taglib-1.3.8.jar:/Users/zaneerina/.m2/repository/org/apache/struts/struts-tiles/1.3.8/struts-tiles-1.3.8.jar:/Users/zaneerina/.m2/repository/commons-validator/commons-validator/1.4.1/commons-validator-1.4.1.jar:/Users/zaneerina/.m2/repository/commons-digester/commons-digester/1.8.1/commons-digester-1.8.1.jar:/Users/zaneerina/.m2/repository/commons-beanutils/commons-beanutils/1.9.3/commons-beanutils-1.9.3.jar:/Users/zaneerina/.m2/repository/commons-collections/commons-collections/3.2.2/commons-collections-3.2.2.jar:/Users/zaneerina/.m2/repository/org/apache/maven/plugin-tools/maven-plugin-annotations/3.2/maven-plugin-annotations-3.2.jar:/Users/zaneerina/.m2/repository/org/apache/maven/plugins/maven-jxr-plugin/2.5/maven-jxr-plugin-2.5.jar:/Users/zaneerina/.m2/repository/org/apache/velocity/velocity/1.5/velocity-1.5.jar:/Users/zaneerina/.m2/repository/oro/oro/2.0.8/oro-2.0.8.jar:/Users/zaneerina/.m2/repository/org/apache/maven/maven-jxr/2.5/maven-jxr-2.5.jar:/Users/zaneerina/.m2/repository/org/apache/maven/wagon/wagon-provider-api/1.0/wagon-provider-api-1.0.jar:/Users/zaneerina/.m2/repository/xml-apis/xml-apis/1.0.b2/xml-apis-1.0.b2.jar:/Users/zaneerina/.m2/repository/xalan/xalan/2.7.0/xalan-2.7.0.jar:/Users/zaneerina/.m2/repository/org/projectlombok/lombok/1.18.0/lombok-1.18.0.jar:/Users/zaneerina/.m2/repository/io/cucumber/cucumber-picocontainer/3.0.2/cucumber-picocontainer-3.0.2.jar:/Users/zaneerina/.m2/repository/org/picocontainer/picocontainer/2.15/picocontainer-2.15.jar:"/>
    <property name="sun.cpu.endian" value="little"/>
    <property name="user.home" value="/Users/zaneerina"/>
    <property name="user.language" value="en"/>
    <property name="java.specification.vendor" value="Oracle Corporation"/>
    <property name="java.home" value="/Library/Java/JavaVirtualMachines/jdk1.8.0_151.jdk/Contents/Home/jre"/>
    <property name="basedir" value="/Users/zaneerina/Desktop/Automation/booking-site-automation-workshop"/>
    <property name="file.separator" value="/"/>
    <property name="line.separator" value="&#10;"/>
    <property name="java.vm.specification.vendor" value="Oracle Corporation"/>
    <property name="java.specification.name" value="Java Platform API Specification"/>
    <property name="java.awt.graphicsenv" value="sun.awt.CGraphicsEnvironment"/>
    <property name="surefire.real.class.path" value="/Users/zaneerina/Desktop/Automation/booking-site-automation-workshop/target/surefire/surefirebooter2918807510045935721.jar"/>
    <property name="sun.boot.class.path" value="/Library/Java/JavaVirtualMachines/jdk1.8.0_151.jdk/Contents/Home/jre/lib/resources.jar:/Library/Java/JavaVirtualMachines/jdk1.8.0_151.jdk/Contents/Home/jre/lib/rt.jar:/Library/Java/JavaVirtualMachines/jdk1.8.0_151.jdk/Contents/Home/jre/lib/sunrsasign.jar:/Library/Java/JavaVirtualMachines/jdk1.8.0_151.jdk/Contents/Home/jre/lib/jsse.jar:/Library/Java/JavaVirtualMachines/jdk1.8.0_151.jdk/Contents/Home/jre/lib/jce.jar:/Library/Java/JavaVirtualMachines/jdk1.8.0_151.jdk/Contents/Home/jre/lib/charsets.jar:/Library/Java/JavaVirtualMachines/jdk1.8.0_151.jdk/Contents/Home/jre/lib/jfr.jar:/Library/Java/JavaVirtualMachines/jdk1.8.0_151.jdk/Contents/Home/jre/classes"/>
    <property name="sun.management.compiler" value="HotSpot 64-Bit Tiered Compilers"/>
    <property name="ftp.nonProxyHosts" value="local|*.local|169.254/16|*.169.254/16"/>
    <property name="java.runtime.version" value="1.8.0_151-b12"/>
    <property name="user.name" value="zaneerina"/>
    <property name="path.separator" value=":"/>
    <property name="os.version" value="10.12.6"/>
    <property name="java.endorsed.dirs" value="/Library/Java/JavaVirtualMachines/jdk1.8.0_151.jdk/Contents/Home/jre/lib/endorsed"/>
    <property name="java.runtime.name" value="Java(TM) SE Runtime Environment"/>
    <property name="file.encoding" value="UTF-8"/>
    <property name="java.vm.name" value="Java HotSpot(TM) 64-Bit Server VM"/>
    <property name="localRepository" value="/Users/zaneerina/.m2/repository"/>
    <property name="java.vendor.url.bug" value="http://bugreport.sun.com/bugreport/"/>
    <property name="java.io.tmpdir" value="/var/folders/s3/tqjb8fys6m5_0731qg2yj7m80000gn/T/"/>
    <property name="java.version" value="1.8.0_151"/>
    <property name="user.dir" value="/Users/zaneerina/Desktop/Automation/booking-site-automation-workshop"/>
    <property name="os.arch" value="x86_64"/>
    <property name="java.vm.specification.name" value="Java Virtual Machine Specification"/>
    <property name="java.awt.printerjob" value="sun.lwawt.macosx.CPrinterJob"/>
    <property name="sun.os.patch.level" value="unknown"/>
    <property name="java.library.path" value="/Users/zaneerina/Library/Java/Extensions:/Library/Java/Extensions:/Network/Library/Java/Extensions:/System/Library/Java/Extensions:/usr/lib/java:."/>
    <property name="java.vm.info" value="mixed mode"/>
    <property name="java.vendor" value="Oracle Corporation"/>
    <property name="java.vm.version" value="25.151-b12"/>
    <property name="java.ext.dirs" value="/Users/zaneerina/Library/Java/Extensions:/Library/Java/JavaVirtualMachines/jdk1.8.0_151.jdk/Contents/Home/jre/lib/ext:/Library/Java/Extensions:/Network/Library/Java/Extensions:/System/Library/Java/Extensions:/usr/lib/java"/>
    <property name="sun.io.unicode.encoding" value="UnicodeBig"/>
    <property name="java.class.version" value="52.0"/>
    <property name="socksNonProxyHosts" value="local|*.local|169.254/16|*.169.254/16"/>
  </properties>
  <testcase name="Successful sign-up" classname="This feature is about creating a new account in the system" time="0">
    <skipped message="The step &quot;I have opened homepage&quot; is undefined"/>
  </testcase>
  <testcase name="Successful sign-up" classname="This feature is about creating a new account in the system" time="0">
    <skipped message="The step &quot;I select My account menu&quot; is undefined"/>
  </testcase>
  <testcase name="Successful sign-up" classname="This feature is about creating a new account in the system" time="0">
    <skipped message="The step &quot;I select Sign up button&quot; is undefined"/>
  </testcase>
  <testcase name="Successful sign-up" classname="This feature is about creating a new account in the system" time="0">
    <skipped message="The step &quot;I enter First name&quot; is undefined"/>
  </testcase>
  <testcase name="Successful sign-up" classname="This feature is about creating a new account in the system" time="0">
    <skipped message="The step &quot;I enter Last name&quot; is undefined"/>
  </testcase>
  <testcase name="Successful sign-up" classname="This feature is about creating a new account in the system" time="0">
    <skipped message="The step &quot;I enter Mobile number&quot; is undefined"/>
  </testcase>
  <testcase name="Successful sign-up" classname="This feature is about creating a new account in the system" time="0">
    <skipped message="The step &quot;I enter Email address&quot; is undefined"/>
  </testcase>
  <testcase name="Successful sign-up" classname="This feature is about creating a new account in the system" time="0">
    <skipped message="The step &quot;I enter Password&quot; is undefined"/>
  </testcase>
  <testcase name="Successful sign-up" classname="This feature is about creating a new account in the system" time="0">
    <skipped message="The step &quot;I confirm Password&quot; is undefined"/>
  </testcase>
  <testcase name="Successful sign-up" classname="This feature is about creating a new account in the system" time="0">
    <skipped message="The step &quot;I select Sign up button&quot; is undefined"/>
  </testcase>
  <testcase name="Successful sign-up" classname="This feature is about creating a new account in the system" time="0">
    <skipped message="The step &quot;user account page is openend&quot; is undefined"/>
  </testcase>
</testsuite>